<?xml version="1.0" encoding="UTF-8"?>
<!-- Generated by org.testng.reporters.JUnitXMLReporter -->
<testsuite ignored="3" hostname="DESKTOP-UVCNVNR" failures="0" tests="1" name="Default test" time="16.711" errors="0" timestamp="2024-05-17T21:25:25 IST">
  <testcase classname="com.sevenrmartsupermarket.tests.AdminUsersTest" name="verifyDeactivationFunctionality" time="4.856"/>
  <testcase classname="com.sevenrmartsupermarket.tests.AdminUsersTest" name="verifyNewUserLogin" time="0.0">
    <ignored/>
  </testcase> <!-- verifyNewUserLogin -->
  <testcase classname="com.sevenrmartsupermarket.tests.AdminUsersTest" name="verifyNewUserSearch" time="0.0">
    <ignored/>
  </testcase> <!-- verifyNewUserSearch -->
  <testcase classname="com.sevenrmartsupermarket.tests.AdminUsersTest" name="verifyNewUserCreation" time="0.0">
    <ignored/>
  </testcase> <!-- verifyNewUserCreation -->
</testsuite> <!-- Default test -->
