<?xml version="1.0" encoding="UTF-8"?>
<!-- Generated by org.testng.reporters.JUnitXMLReporter -->
<testsuite ignored="5" hostname="DESKTOP-UVCNVNR" failures="0" tests="1" name="Default test" time="10.505" errors="0" timestamp="2024-05-15T21:48:06 IST">
  <testcase classname="com.sevenrmartsupermarket.tests.LoginTest" name="verifyInvalidUserLogin" time="1.881"/>
  <testcase classname="com.sevenrmartsupermarket.tests.LoginTest" name="verifyLogoText" time="0.0">
    <ignored/>
  </testcase> <!-- verifyLogoText -->
  <testcase classname="com.sevenrmartsupermarket.tests.LoginTest" name="verifyUseridText" time="0.0">
    <ignored/>
  </testcase> <!-- verifyUseridText -->
  <testcase classname="com.sevenrmartsupermarket.tests.LoginTest" name="verifyValidUserLogin" time="0.0">
    <ignored/>
  </testcase> <!-- verifyValidUserLogin -->
  <testcase classname="com.sevenrmartsupermarket.tests.LoginTest" name="verifyRemembermeText" time="0.0">
    <ignored/>
  </testcase> <!-- verifyRemembermeText -->
  <testcase classname="com.sevenrmartsupermarket.tests.LoginTest" name="verifyLogin" time="0.0">
    <ignored/>
  </testcase> <!-- verifyLogin -->
</testsuite> <!-- Default test -->
