<?xml version="1.0" encoding="UTF-8"?>
<!-- Generated by org.testng.reporters.JUnitXMLReporter -->
<testsuite ignored="1" hostname="DESKTOP-UVCNVNR" failures="0" tests="1" name="regression" time="25.727" errors="0" timestamp="2024-05-21T08:20:21 IST">
  <testcase classname="com.sevenrmartsupermarket.tests.ManageOrdersTest" name="verifyOrderStatusUpdate" time="12.61"/>
  <testcase classname="com.sevenrmartsupermarket.tests.ManageOrdersTest" name="verifyOrderSearch" time="0.0">
    <ignored/>
  </testcase> <!-- verifyOrderSearch -->
</testsuite> <!-- regression -->
