<?xml version="1.0" encoding="UTF-8"?>
<!-- Generated by org.testng.reporters.JUnitXMLReporter -->
<testsuite ignored="5" hostname="DESKTOP-UVCNVNR" failures="0" tests="3" name="smoke" time="41.059" errors="0" timestamp="2024-05-21T08:20:37 IST">
  <testcase classname="com.sevenrmartsupermarket.tests.LoginTest" name="verifyLogin" time="2.297"/>
  <testcase classname="com.sevenrmartsupermarket.tests.LoginTest" name="verifyInvalidUserLogin" time="1.586"/>
  <testcase classname="com.sevenrmartsupermarket.tests.HomeTest" name="verify_GraphicElements" time="1.171"/>
  <testcase classname="com.sevenrmartsupermarket.tests.LoginTest" name="verifyRemembermeText" time="0.0">
    <ignored/>
  </testcase> <!-- verifyRemembermeText -->
  <testcase classname="com.sevenrmartsupermarket.tests.LoginTest" name="verifyValidUserLogin" time="0.0">
    <ignored/>
  </testcase> <!-- verifyValidUserLogin -->
  <testcase classname="com.sevenrmartsupermarket.tests.LoginTest" name="verifyRemembermeCheckboxEnabled" time="0.0">
    <ignored/>
  </testcase> <!-- verifyRemembermeCheckboxEnabled -->
  <testcase classname="com.sevenrmartsupermarket.tests.LoginTest" name="verifyUseridText" time="0.0">
    <ignored/>
  </testcase> <!-- verifyUseridText -->
  <testcase classname="com.sevenrmartsupermarket.tests.LoginTest" name="verifyLogoText" time="0.0">
    <ignored/>
  </testcase> <!-- verifyLogoText -->
</testsuite> <!-- smoke -->
