<?xml version="1.0" encoding="UTF-8"?>
<testng-results ignored="0" total="2" passed="2" failed="0" skipped="0">
  <reporter-output>
  </reporter-output>
  <suite started-at="2024-05-21T21:42:35 IST" name="parallelExecution" finished-at="2024-05-21T21:42:50 IST" duration-ms="15156">
    <groups>
    </groups>
    <test started-at="2024-05-21T21:42:35 IST" name="loginFeature" finished-at="2024-05-21T21:42:50 IST" duration-ms="15156">
      <class name="com.sevenrmartsupermarket.tests.HomeTest">
        <test-method is-config="true" signature="launchBrowser()[pri:0, instance:com.sevenrmartsupermarket.tests.HomeTest@139982de]" started-at="2024-05-21T21:42:35 IST" name="launchBrowser" finished-at="2024-05-21T21:42:48 IST" duration-ms="13054" status="PASS">
          <reporter-output>
          </reporter-output>
        </test-method> <!-- launchBrowser -->
        <test-method signature="verify_GraphicElements()[pri:0, instance:com.sevenrmartsupermarket.tests.HomeTest@139982de]" started-at="2024-05-21T21:42:48 IST" name="verify_GraphicElements" finished-at="2024-05-21T21:42:50 IST" duration-ms="1990" status="PASS">
          <reporter-output>
          </reporter-output>
        </test-method> <!-- verify_GraphicElements -->
        <test-method is-config="true" signature="terminateBrowser(org.testng.ITestResult)[pri:0, instance:com.sevenrmartsupermarket.tests.HomeTest@139982de]" started-at="2024-05-21T21:42:50 IST" name="terminateBrowser" finished-at="2024-05-21T21:42:50 IST" duration-ms="2" status="PASS">
          <params>
            <param index="0">
              <value>
                <![CDATA[[TestResult name=verify_GraphicElements status=SUCCESS method=HomeTest.verify_GraphicElements()[pri:0, instance:com.sevenrmartsupermarket.tests.HomeTest@139982de] output={null}]]]>
              </value>
            </param>
          </params>
          <reporter-output>
          </reporter-output>
        </test-method> <!-- terminateBrowser -->
      </class> <!-- com.sevenrmartsupermarket.tests.HomeTest -->
    </test> <!-- loginFeature -->
    <test started-at="2024-05-21T21:42:35 IST" name="loginnew" finished-at="2024-05-21T21:42:50 IST" duration-ms="15048">
      <class name="com.sevenrmartsupermarket.tests.HomeTest">
        <test-method is-config="true" signature="launchBrowser()[pri:0, instance:com.sevenrmartsupermarket.tests.HomeTest@5fbe4146]" started-at="2024-05-21T21:42:36 IST" name="launchBrowser" finished-at="2024-05-21T21:42:47 IST" duration-ms="10941" status="PASS">
          <reporter-output>
          </reporter-output>
        </test-method> <!-- launchBrowser -->
        <test-method signature="verify_GraphicElements()[pri:0, instance:com.sevenrmartsupermarket.tests.HomeTest@5fbe4146]" started-at="2024-05-21T21:42:47 IST" name="verify_GraphicElements" finished-at="2024-05-21T21:42:50 IST" duration-ms="3218" status="PASS">
          <reporter-output>
          </reporter-output>
        </test-method> <!-- verify_GraphicElements -->
        <test-method is-config="true" signature="terminateBrowser(org.testng.ITestResult)[pri:0, instance:com.sevenrmartsupermarket.tests.HomeTest@5fbe4146]" started-at="2024-05-21T21:42:50 IST" name="terminateBrowser" finished-at="2024-05-21T21:42:50 IST" duration-ms="8" status="PASS">
          <params>
            <param index="0">
              <value>
                <![CDATA[[TestResult name=verify_GraphicElements status=SUCCESS method=HomeTest.verify_GraphicElements()[pri:0, instance:com.sevenrmartsupermarket.tests.HomeTest@5fbe4146] output={null}]]]>
              </value>
            </param>
          </params>
          <reporter-output>
          </reporter-output>
        </test-method> <!-- terminateBrowser -->
      </class> <!-- com.sevenrmartsupermarket.tests.HomeTest -->
    </test> <!-- loginnew -->
  </suite> <!-- parallelExecution -->
</testng-results>
