<?xml version="1.0" encoding="UTF-8"?>
<testng-results ignored="0" total="1" passed="1" failed="0" skipped="0">
  <reporter-output>
  </reporter-output>
  <suite started-at="2024-05-17T21:25:08 IST" name="Default suite" finished-at="2024-05-17T21:25:25 IST" duration-ms="16711">
    <groups>
    </groups>
    <test started-at="2024-05-17T21:25:08 IST" name="Default test" finished-at="2024-05-17T21:25:25 IST" duration-ms="16711">
      <class name="com.sevenrmartsupermarket.tests.AdminUsersTest">
        <test-method is-config="true" signature="launchBrowser()[pri:0, instance:com.sevenrmartsupermarket.tests.AdminUsersTest@7eac9008]" started-at="2024-05-17T21:25:08 IST" name="launchBrowser" finished-at="2024-05-17T21:25:20 IST" duration-ms="11723" status="PASS">
          <reporter-output>
          </reporter-output>
        </test-method> <!-- launchBrowser -->
        <test-method signature="verifyDeactivationFunctionality()[pri:0, instance:com.sevenrmartsupermarket.tests.AdminUsersTest@7eac9008]" started-at="2024-05-17T21:25:20 IST" name="verifyDeactivationFunctionality" finished-at="2024-05-17T21:25:25 IST" duration-ms="4856" status="PASS">
          <reporter-output>
          </reporter-output>
        </test-method> <!-- verifyDeactivationFunctionality -->
      </class> <!-- com.sevenrmartsupermarket.tests.AdminUsersTest -->
    </test> <!-- Default test -->
  </suite> <!-- Default suite -->
</testng-results>
